# JRE version: 7.0_21-b12
# Java VM: Java HotSpot(TM) 64-Bit Server VM (23.21-b01 mixed mode bsd-amd64 compressed oops)
Heap
 def new generation   total 6528K, used 2972K [0x00000007e9000000, 0x00000007e9710000, 0x00000007eef50000)
  eden space 5824K,  38% used [0x00000007e9000000, 0x00000007e9237050, 0x00000007e95b0000)
  from space 704K,  99% used [0x00000007e95b0000, 0x00000007e965fff8, 0x00000007e9660000)
  to   space 704K,   0% used [0x00000007e9660000, 0x00000007e9660000, 0x00000007e9710000)
 tenured generation   total 14432K, used 13207K [0x00000007eef50000, 0x00000007efd68000, 0x00000007fae00000)
   the space 14432K,  91% used [0x00000007eef50000, 0x00000007efc35fa8, 0x00000007efc36000, 0x00000007efd68000)
 compacting perm gen  total 21248K, used 16056K [0x00000007fae00000, 0x00000007fc2c0000, 0x0000000800000000)
   the space 21248K,  75% used [0x00000007fae00000, 0x00000007fbdae3d8, 0x00000007fbdae400, 0x00000007fc2c0000)
GC Heap History (10 events):
Event: 3.227 GC heap before
{Heap before GC invocations=33 (full 1):
 def new generation   total 6528K, used 6527K [0x00000007e9000000, 0x00000007e9710000, 0x00000007eef50000)
  eden space 5824K, 100% used [0x00000007e9000000, 0x00000007e95b0000, 0x00000007e95b0000)
  from space 704K,  99% used [0x00000007e9660000, 0x00000007e970fff8, 0x00000007e9710000)
  to   space 704K,   0% used [0x00000007e95b0000, 0x00000007e95b0000, 0x00000007e9660000)
 tenured generation   total 14432K, used 11218K [0x00000007eef50000, 0x00000007efd68000, 0x00000007fae00000)
   the space 14432K,  77% used [0x00000007eef50000, 0x00000007efa44ae8, 0x00000007efa44c00, 0x00000007efd68000)
 compacting perm gen  total 21248K, used 15836K [0x00000007fae00000, 0x00000007fc2c0000, 0x0000000800000000)
   the space 21248K,  74% used [0x00000007fae00000, 0x00000007fbd77190, 0x00000007fbd77200, 0x00000007fc2c0000)
No shared spaces configured.
Event: 3.228 GC heap after
Heap after GC invocations=34 (full 1):
 def new generation   total 6528K, used 58K [0x00000007e9000000, 0x00000007e9710000, 0x00000007eef50000)
  eden space 5824K,   0% used [0x00000007e9000000, 0x00000007e9000000, 0x00000007e95b0000)
  from space 704K,   8% used [0x00000007e95b0000, 0x00000007e95bea68, 0x00000007e9660000)
  to   space 704K,   0% used [0x00000007e9660000, 0x00000007e9660000, 0x00000007e9710000)
 tenured generation   total 14432K, used 11909K [0x00000007eef50000, 0x00000007efd68000, 0x00000007fae00000)
   the space 14432K,  82% used [0x00000007eef50000, 0x00000007efaf1608, 0x00000007efaf1800, 0x00000007efd68000)
 compacting perm gen  total 21248K, used 15836K [0x00000007fae00000, 0x00000007fc2c0000, 0x0000000800000000)
   the space 21248K,  74% used [0x00000007fae00000, 0x00000007fbd77190, 0x00000007fbd77200, 0x00000007fc2c0000)
No shared spaces configured.
}
Event: 3.256 GC heap before
{Heap before GC invocations=34 (full 1):
 def new generation   total 6528K, used 5882K [0x00000007e9000000, 0x00000007e9710000, 0x00000007eef50000)
  eden space 5824K, 100% used [0x00000007e9000000, 0x00000007e95b0000, 0x00000007e95b0000)
  from space 704K,   8% used [0x00000007e95b0000, 0x00000007e95bea68, 0x00000007e9660000)
  to   space 704K,   0% used [0x00000007e9660000, 0x00000007e9660000, 0x00000007e9710000)
 tenured generation   total 14432K, used 11909K [0x00000007eef50000, 0x00000007efd68000, 0x00000007fae00000)
   the space 14432K,  82% used [0x00000007eef50000, 0x00000007efaf1608, 0x00000007efaf1800, 0x00000007efd68000)
 compacting perm gen  total 21248K, used 15836K [0x00000007fae00000, 0x00000007fc2c0000, 0x0000000800000000)
   the space 21248K,  74% used [0x00000007fae00000, 0x00000007fbd77190, 0x00000007fbd77200, 0x00000007fc2c0000)
No shared spaces configured.
Event: 3.258 GC heap after
Heap after GC invocations=35 (full 1):
 def new generation   total 6528K, used 704K [0x00000007e9000000, 0x00000007e9710000, 0x00000007eef50000)
  eden space 5824K,   0% used [0x00000007e9000000, 0x00000007e9000000, 0x00000007e95b0000)
  from space 704K, 100% used [0x00000007e9660000, 0x00000007e9710000, 0x00000007e9710000)
  to   space 704K,   0% used [0x00000007e95b0000, 0x00000007e95b0000, 0x00000007e9660000)
 tenured generation   total 14432K, used 12146K [0x00000007eef50000, 0x00000007efd68000, 0x00000007fae00000)
   the space 14432K,  84% used [0x00000007eef50000, 0x00000007efb2c8d8, 0x00000007efb2ca00, 0x00000007efd68000)
 compacting perm gen  total 21248K, used 15836K [0x00000007fae00000, 0x00000007fc2c0000, 0x0000000800000000)
   the space 21248K,  74% used [0x00000007fae00000, 0x00000007fbd77190, 0x00000007fbd77200, 0x00000007fc2c0000)
No shared spaces configured.
}
Event: 3.312 GC heap before
{Heap before GC invocations=35 (full 1):
 def new generation   total 6528K, used 6528K [0x00000007e9000000, 0x00000007e9710000, 0x00000007eef50000)
  eden space 5824K, 100% used [0x00000007e9000000, 0x00000007e95b0000, 0x00000007e95b0000)
  from space 704K, 100% used [0x00000007e9660000, 0x00000007e9710000, 0x00000007e9710000)
  to   space 704K,   0% used [0x00000007e95b0000, 0x00000007e95b0000, 0x00000007e9660000)
 tenured generation   total 14432K, used 12146K [0x00000007eef50000, 0x00000007efd68000, 0x00000007fae00000)
   the space 14432K,  84% used [0x00000007eef50000, 0x00000007efb2c8d8, 0x00000007efb2ca00, 0x00000007efd68000)
 compacting perm gen  total 21248K, used 15848K [0x00000007fae00000, 0x00000007fc2c0000, 0x0000000800000000)
   the space 21248K,  74% used [0x00000007fae00000, 0x00000007fbd7a310, 0x00000007fbd7a400, 0x00000007fc2c0000)
No shared spaces configured.
Event: 3.314 GC heap after
Heap after GC invocations=36 (full 1):
 def new generation   total 6528K, used 61K [0x00000007e9000000, 0x00000007e9710000, 0x00000007eef50000)
  eden space 5824K,   0% used [0x00000007e9000000, 0x00000007e9000000, 0x00000007e95b0000)
  from space 704K,   8% used [0x00000007e95b0000, 0x00000007e95bf6f0, 0x00000007e9660000)
  to   space 704K,   0% used [0x00000007e9660000, 0x00000007e9660000, 0x00000007e9710000)
 tenured generation   total 14432K, used 12850K [0x00000007eef50000, 0x00000007efd68000, 0x00000007fae00000)
   the space 14432K,  89% used [0x00000007eef50000, 0x00000007efbdc878, 0x00000007efbdca00, 0x00000007efd68000)
 compacting perm gen  total 21248K, used 15848K [0x00000007fae00000, 0x00000007fc2c0000, 0x0000000800000000)
   the space 21248K,  74% used [0x00000007fae00000, 0x00000007fbd7a310, 0x00000007fbd7a400, 0x00000007fc2c0000)
No shared spaces configured.
}
Event: 3.351 GC heap before
{Heap before GC invocations=36 (full 1):
 def new generation   total 6528K, used 5826K [0x00000007e9000000, 0x00000007e9710000, 0x00000007eef50000)
  eden space 5824K,  98% used [0x00000007e9000000, 0x00000007e95a1480, 0x00000007e95b0000)
  from space 704K,   8% used [0x00000007e95b0000, 0x00000007e95bf6f0, 0x00000007e9660000)
  to   space 704K,   0% used [0x00000007e9660000, 0x00000007e9660000, 0x00000007e9710000)
 tenured generation   total 14432K, used 12850K [0x00000007eef50000, 0x00000007efd68000, 0x00000007fae00000)
   the space 14432K,  89% used [0x00000007eef50000, 0x00000007efbdc878, 0x00000007efbdca00, 0x00000007efd68000)
 compacting perm gen  total 21248K, used 15996K [0x00000007fae00000, 0x00000007fc2c0000, 0x0000000800000000)
   the space 21248K,  75% used [0x00000007fae00000, 0x00000007fbd9f0f8, 0x00000007fbd9f200, 0x00000007fc2c0000)
No shared spaces configured.
Event: 3.352 GC heap after
Heap after GC invocations=37 (full 1):
 def new generation   total 6528K, used 396K [0x00000007e9000000, 0x00000007e9710000, 0x00000007eef50000)
  eden space 5824K,   0% used [0x00000007e9000000, 0x00000007e9000000, 0x00000007e95b0000)
  from space 704K,  56% used [0x00000007e9660000, 0x00000007e96c33c0, 0x00000007e9710000)
  to   space 704K,   0% used [0x00000007e95b0000, 0x00000007e95b0000, 0x00000007e9660000)
 tenured generation   total 14432K, used 12850K [0x00000007eef50000, 0x00000007efd68000, 0x00000007fae00000)
   the space 14432K,  89% used [0x00000007eef50000, 0x00000007efbdc878, 0x00000007efbdca00, 0x00000007efd68000)
 compacting perm gen  total 21248K, used 15996K [0x00000007fae00000, 0x00000007fc2c0000, 0x0000000800000000)
   the space 21248K,  75% used [0x00000007fae00000, 0x00000007fbd9f0f8, 0x00000007fbd9f200, 0x00000007fc2c0000)
No shared spaces configured.
}
Event: 29.987 GC heap before
{Heap before GC invocations=37 (full 1):
 def new generation   total 6528K, used 6220K [0x00000007e9000000, 0x00000007e9710000, 0x00000007eef50000)
  eden space 5824K, 100% used [0x00000007e9000000, 0x00000007e95b0000, 0x00000007e95b0000)
  from space 704K,  56% used [0x00000007e9660000, 0x00000007e96c33c0, 0x00000007e9710000)
  to   space 704K,   0% used [0x00000007e95b0000, 0x00000007e95b0000, 0x00000007e9660000)
 tenured generation   total 14432K, used 12850K [0x00000007eef50000, 0x00000007efd68000, 0x00000007fae00000)
   the space 14432K,  89% used [0x00000007eef50000, 0x00000007efbdc878, 0x00000007efbdca00, 0x00000007efd68000)
 compacting perm gen  total 21248K, used 16055K [0x00000007fae00000, 0x00000007fc2c0000, 0x0000000800000000)
   the space 21248K,  75% used [0x00000007fae00000, 0x00000007fbdadef8, 0x00000007fbdae000, 0x00000007fc2c0000)
No shared spaces configured.
Event: 29.990 GC heap after
Heap after GC invocations=38 (full 1):
 def new generation   total 6528K, used 703K [0x00000007e9000000, 0x00000007e9710000, 0x00000007eef50000)
  eden space 5824K,   0% used [0x00000007e9000000, 0x00000007e9000000, 0x00000007e95b0000)
  from space 704K,  99% used [0x00000007e95b0000, 0x00000007e965fff8, 0x00000007e9660000)
  to   space 704K,   0% used [0x00000007e9660000, 0x00000007e9660000, 0x00000007e9710000)
 tenured generation   total 14432K, used 13207K [0x00000007eef50000, 0x00000007efd68000, 0x00000007fae00000)
   the space 14432K,  91% used [0x00000007eef50000, 0x00000007efc35fa8, 0x00000007efc36000, 0x00000007efd68000)
 compacting perm gen  total 21248K, used 16055K [0x00000007fae00000, 0x00000007fc2c0000, 0x0000000800000000)
   the space 21248K,  75% used [0x00000007fae00000, 0x00000007fbdadef8, 0x00000007fbdae000, 0x00000007fc2c0000)
No shared spaces configured.
}

