# JRE version: 7.0_21-b12
# Java VM: Java HotSpot(TM) 64-Bit Server VM (23.21-b01 mixed mode bsd-amd64 compressed oops)
Heap
 def new generation   total 4096K, used 3729K [0x0000000109a70000, 0x0000000109ee0000, 0x000000010d470000)
  eden space 3648K,  94% used [0x0000000109a70000, 0x0000000109dccc30, 0x0000000109e00000)
  from space 448K,  64% used [0x0000000109e00000, 0x0000000109e47b08, 0x0000000109e70000)
  to   space 448K,   0% used [0x0000000109e70000, 0x0000000109e70000, 0x0000000109ee0000)
 tenured generation   total 8960K, used 5961K [0x000000010d470000, 0x000000010dd30000, 0x0000000114870000)
   the space 8960K,  66% used [0x000000010d470000, 0x000000010da42490, 0x000000010da42600, 0x000000010dd30000)
 compacting perm gen  total 21248K, used 15649K [0x0000000114870000, 0x0000000115d30000, 0x0000000119a70000)
   the space 21248K,  73% used [0x0000000114870000, 0x00000001157b8520, 0x00000001157b8600, 0x0000000115d30000)
GC Heap History (10 events):
Event: 19.188 GC heap before
{Heap before GC invocations=49 (full 4):
 def new generation   total 4096K, used 3648K [0x0000000109a70000, 0x0000000109ee0000, 0x000000010d470000)
  eden space 3648K, 100% used [0x0000000109a70000, 0x0000000109e00000, 0x0000000109e00000)
  from space 448K,   0% used [0x0000000109e70000, 0x0000000109e70098, 0x0000000109ee0000)
  to   space 448K,   0% used [0x0000000109e00000, 0x0000000109e00000, 0x0000000109e70000)
 tenured generation   total 8960K, used 5407K [0x000000010d470000, 0x000000010dd30000, 0x0000000114870000)
   the space 8960K,  60% used [0x000000010d470000, 0x000000010d9b7d68, 0x000000010d9b7e00, 0x000000010dd30000)
 compacting perm gen  total 21248K, used 15431K [0x0000000114870000, 0x0000000115d30000, 0x0000000119a70000)
   the space 21248K,  72% used [0x0000000114870000, 0x0000000115781e38, 0x0000000115782000, 0x0000000115d30000)
No shared spaces configured.
Event: 19.189 GC heap after
Heap after GC invocations=50 (full 4):
 def new generation   total 4096K, used 0K [0x0000000109a70000, 0x0000000109ee0000, 0x000000010d470000)
  eden space 3648K,   0% used [0x0000000109a70000, 0x0000000109a70000, 0x0000000109e00000)
  from space 448K,   0% used [0x0000000109e00000, 0x0000000109e00080, 0x0000000109e70000)
  to   space 448K,   0% used [0x0000000109e70000, 0x0000000109e70000, 0x0000000109ee0000)
 tenured generation   total 8960K, used 5407K [0x000000010d470000, 0x000000010dd30000, 0x0000000114870000)
   the space 8960K,  60% used [0x000000010d470000, 0x000000010d9b7d68, 0x000000010d9b7e00, 0x000000010dd30000)
 compacting perm gen  total 21248K, used 15431K [0x0000000114870000, 0x0000000115d30000, 0x0000000119a70000)
   the space 21248K,  72% used [0x0000000114870000, 0x0000000115781e38, 0x0000000115782000, 0x0000000115d30000)
No shared spaces configured.
}
Event: 19.193 GC heap before
{Heap before GC invocations=50 (full 4):
 def new generation   total 4096K, used 3648K [0x0000000109a70000, 0x0000000109ee0000, 0x000000010d470000)
  eden space 3648K, 100% used [0x0000000109a70000, 0x0000000109e00000, 0x0000000109e00000)
  from space 448K,   0% used [0x0000000109e00000, 0x0000000109e00080, 0x0000000109e70000)
  to   space 448K,   0% used [0x0000000109e70000, 0x0000000109e70000, 0x0000000109ee0000)
 tenured generation   total 8960K, used 5407K [0x000000010d470000, 0x000000010dd30000, 0x0000000114870000)
   the space 8960K,  60% used [0x000000010d470000, 0x000000010d9b7d68, 0x000000010d9b7e00, 0x000000010dd30000)
 compacting perm gen  total 21248K, used 15431K [0x0000000114870000, 0x0000000115d30000, 0x0000000119a70000)
   the space 21248K,  72% used [0x0000000114870000, 0x0000000115781e38, 0x0000000115782000, 0x0000000115d30000)
No shared spaces configured.
Event: 19.194 GC heap after
Heap after GC invocations=51 (full 4):
 def new generation   total 4096K, used 0K [0x0000000109a70000, 0x0000000109ee0000, 0x000000010d470000)
  eden space 3648K,   0% used [0x0000000109a70000, 0x0000000109a70000, 0x0000000109e00000)
  from space 448K,   0% used [0x0000000109e70000, 0x0000000109e70080, 0x0000000109ee0000)
  to   space 448K,   0% used [0x0000000109e00000, 0x0000000109e00000, 0x0000000109e70000)
 tenured generation   total 8960K, used 5407K [0x000000010d470000, 0x000000010dd30000, 0x0000000114870000)
   the space 8960K,  60% used [0x000000010d470000, 0x000000010d9b7d68, 0x000000010d9b7e00, 0x000000010dd30000)
 compacting perm gen  total 21248K, used 15431K [0x0000000114870000, 0x0000000115d30000, 0x0000000119a70000)
   the space 21248K,  72% used [0x0000000114870000, 0x0000000115781e38, 0x0000000115782000, 0x0000000115d30000)
No shared spaces configured.
}
Event: 19.198 GC heap before
{Heap before GC invocations=51 (full 4):
 def new generation   total 4096K, used 3648K [0x0000000109a70000, 0x0000000109ee0000, 0x000000010d470000)
  eden space 3648K, 100% used [0x0000000109a70000, 0x0000000109e00000, 0x0000000109e00000)
  from space 448K,   0% used [0x0000000109e70000, 0x0000000109e70080, 0x0000000109ee0000)
  to   space 448K,   0% used [0x0000000109e00000, 0x0000000109e00000, 0x0000000109e70000)
 tenured generation   total 8960K, used 5407K [0x000000010d470000, 0x000000010dd30000, 0x0000000114870000)
   the space 8960K,  60% used [0x000000010d470000, 0x000000010d9b7d68, 0x000000010d9b7e00, 0x000000010dd30000)
 compacting perm gen  total 21248K, used 15431K [0x0000000114870000, 0x0000000115d30000, 0x0000000119a70000)
   the space 21248K,  72% used [0x0000000114870000, 0x0000000115781e38, 0x0000000115782000, 0x0000000115d30000)
No shared spaces configured.
Event: 19.198 GC heap after
Heap after GC invocations=52 (full 4):
 def new generation   total 4096K, used 0K [0x0000000109a70000, 0x0000000109ee0000, 0x000000010d470000)
  eden space 3648K,   0% used [0x0000000109a70000, 0x0000000109a70000, 0x0000000109e00000)
  from space 448K,   0% used [0x0000000109e00000, 0x0000000109e00080, 0x0000000109e70000)
  to   space 448K,   0% used [0x0000000109e70000, 0x0000000109e70000, 0x0000000109ee0000)
 tenured generation   total 8960K, used 5407K [0x000000010d470000, 0x000000010dd30000, 0x0000000114870000)
   the space 8960K,  60% used [0x000000010d470000, 0x000000010d9b7d68, 0x000000010d9b7e00, 0x000000010dd30000)
 compacting perm gen  total 21248K, used 15431K [0x0000000114870000, 0x0000000115d30000, 0x0000000119a70000)
   the space 21248K,  72% used [0x0000000114870000, 0x0000000115781e38, 0x0000000115782000, 0x0000000115d30000)
No shared spaces configured.
}
Event: 19.202 GC heap before
{Heap before GC invocations=52 (full 4):
 def new generation   total 4096K, used 3648K [0x0000000109a70000, 0x0000000109ee0000, 0x000000010d470000)
  eden space 3648K, 100% used [0x0000000109a70000, 0x0000000109e00000, 0x0000000109e00000)
  from space 448K,   0% used [0x0000000109e00000, 0x0000000109e00080, 0x0000000109e70000)
  to   space 448K,   0% used [0x0000000109e70000, 0x0000000109e70000, 0x0000000109ee0000)
 tenured generation   total 8960K, used 5407K [0x000000010d470000, 0x000000010dd30000, 0x0000000114870000)
   the space 8960K,  60% used [0x000000010d470000, 0x000000010d9b7d68, 0x000000010d9b7e00, 0x000000010dd30000)
 compacting perm gen  total 21248K, used 15431K [0x0000000114870000, 0x0000000115d30000, 0x0000000119a70000)
   the space 21248K,  72% used [0x0000000114870000, 0x0000000115781e38, 0x0000000115782000, 0x0000000115d30000)
No shared spaces configured.
Event: 19.203 GC heap after
Heap after GC invocations=53 (full 4):
 def new generation   total 4096K, used 0K [0x0000000109a70000, 0x0000000109ee0000, 0x000000010d470000)
  eden space 3648K,   0% used [0x0000000109a70000, 0x0000000109a70000, 0x0000000109e00000)
  from space 448K,   0% used [0x0000000109e70000, 0x0000000109e70080, 0x0000000109ee0000)
  to   space 448K,   0% used [0x0000000109e00000, 0x0000000109e00000, 0x0000000109e70000)
 tenured generation   total 8960K, used 5407K [0x000000010d470000, 0x000000010dd30000, 0x0000000114870000)
   the space 8960K,  60% used [0x000000010d470000, 0x000000010d9b7d68, 0x000000010d9b7e00, 0x000000010dd30000)
 compacting perm gen  total 21248K, used 15431K [0x0000000114870000, 0x0000000115d30000, 0x0000000119a70000)
   the space 21248K,  72% used [0x0000000114870000, 0x0000000115781e38, 0x0000000115782000, 0x0000000115d30000)
No shared spaces configured.
}
Event: 19.237 GC heap before
{Heap before GC invocations=53 (full 4):
 def new generation   total 4096K, used 3507K [0x0000000109a70000, 0x0000000109ee0000, 0x000000010d470000)
  eden space 3648K,  96% used [0x0000000109a70000, 0x0000000109ddcce0, 0x0000000109e00000)
  from space 448K,   0% used [0x0000000109e70000, 0x0000000109e70080, 0x0000000109ee0000)
  to   space 448K,   0% used [0x0000000109e00000, 0x0000000109e00000, 0x0000000109e70000)
 tenured generation   total 8960K, used 5407K [0x000000010d470000, 0x000000010dd30000, 0x0000000114870000)
   the space 8960K,  60% used [0x000000010d470000, 0x000000010d9b7d68, 0x000000010d9b7e00, 0x000000010dd30000)
 compacting perm gen  total 21248K, used 15509K [0x0000000114870000, 0x0000000115d30000, 0x0000000119a70000)
   the space 21248K,  72% used [0x0000000114870000, 0x0000000115795560, 0x0000000115795600, 0x0000000115d30000)
No shared spaces configured.
Event: 19.238 GC heap after
Heap after GC invocations=54 (full 4):
 def new generation   total 4096K, used 286K [0x0000000109a70000, 0x0000000109ee0000, 0x000000010d470000)
  eden space 3648K,   0% used [0x0000000109a70000, 0x0000000109a70000, 0x0000000109e00000)
  from space 448K,  64% used [0x0000000109e00000, 0x0000000109e47b08, 0x0000000109e70000)
  to   space 448K,   0% used [0x0000000109e70000, 0x0000000109e70000, 0x0000000109ee0000)
 tenured generation   total 8960K, used 5961K [0x000000010d470000, 0x000000010dd30000, 0x0000000114870000)
   the space 8960K,  66% used [0x000000010d470000, 0x000000010da42490, 0x000000010da42600, 0x000000010dd30000)
 compacting perm gen  total 21248K, used 15509K [0x0000000114870000, 0x0000000115d30000, 0x0000000119a70000)
   the space 21248K,  72% used [0x0000000114870000, 0x0000000115795560, 0x0000000115795600, 0x0000000115d30000)
No shared spaces configured.
}

