# JRE version: 7.0_21-b12
# Java VM: Java HotSpot(TM) 64-Bit Server VM (23.21-b01 mixed mode bsd-amd64 compressed oops)
Heap
 def new generation   total 5440K, used 1535K [0x00000007e9600000, 0x00000007e9be0000, 0x00000007ef350000)
  eden space 4864K,  22% used [0x00000007e9600000, 0x00000007e9711da8, 0x00000007e9ac0000)
  from space 576K,  76% used [0x00000007e9b50000, 0x00000007e9bbe070, 0x00000007e9be0000)
  to   space 576K,   0% used [0x00000007e9ac0000, 0x00000007e9ac0000, 0x00000007e9b50000)
 tenured generation   total 11904K, used 10784K [0x00000007ef350000, 0x00000007efef0000, 0x00000007fae00000)
   the space 11904K,  90% used [0x00000007ef350000, 0x00000007efdd8130, 0x00000007efdd8200, 0x00000007efef0000)
 compacting perm gen  total 21248K, used 14987K [0x00000007fae00000, 0x00000007fc2c0000, 0x0000000800000000)
   the space 21248K,  70% used [0x00000007fae00000, 0x00000007fbca2df8, 0x00000007fbca2e00, 0x00000007fc2c0000)
GC Heap History (10 events):
Event: 1652.678 GC heap before
{Heap before GC invocations=19 (full 0):
 def new generation   total 5440K, used 4339K [0x00000007e9600000, 0x00000007e9be0000, 0x00000007ef350000)
  eden space 4864K,  89% used [0x00000007e9600000, 0x00000007e9a3bbb8, 0x00000007e9ac0000)
  from space 576K,   0% used [0x00000007e9ac0000, 0x00000007e9ac13d8, 0x00000007e9b50000)
  to   space 576K,   0% used [0x00000007e9b50000, 0x00000007e9b50000, 0x00000007e9be0000)
 tenured generation   total 11904K, used 9827K [0x00000007ef350000, 0x00000007efef0000, 0x00000007fae00000)
   the space 11904K,  82% used [0x00000007ef350000, 0x00000007efce8d40, 0x00000007efce8e00, 0x00000007efef0000)
 compacting perm gen  total 21248K, used 14408K [0x00000007fae00000, 0x00000007fc2c0000, 0x0000000800000000)
   the space 21248K,  67% used [0x00000007fae00000, 0x00000007fbc122b8, 0x00000007fbc12400, 0x00000007fc2c0000)
No shared spaces configured.
Event: 1652.679 GC heap after
Heap after GC invocations=20 (full 0):
 def new generation   total 5440K, used 0K [0x00000007e9600000, 0x00000007e9be0000, 0x00000007ef350000)
  eden space 4864K,   0% used [0x00000007e9600000, 0x00000007e9600000, 0x00000007e9ac0000)
  from space 576K,   0% used [0x00000007e9b50000, 0x00000007e9b501e8, 0x00000007e9be0000)
  to   space 576K,   0% used [0x00000007e9ac0000, 0x00000007e9ac0000, 0x00000007e9b50000)
 tenured generation   total 11904K, used 10685K [0x00000007ef350000, 0x00000007efef0000, 0x00000007fae00000)
   the space 11904K,  89% used [0x00000007ef350000, 0x00000007efdbf650, 0x00000007efdbf800, 0x00000007efef0000)
 compacting perm gen  total 21248K, used 14408K [0x00000007fae00000, 0x00000007fc2c0000, 0x0000000800000000)
   the space 21248K,  67% used [0x00000007fae00000, 0x00000007fbc122b8, 0x00000007fbc12400, 0x00000007fc2c0000)
No shared spaces configured.
}
Event: 1652.710 GC heap before
{Heap before GC invocations=20 (full 0):
 def new generation   total 5440K, used 4490K [0x00000007e9600000, 0x00000007e9be0000, 0x00000007ef350000)
  eden space 4864K,  92% used [0x00000007e9600000, 0x00000007e9a629f0, 0x00000007e9ac0000)
  from space 576K,   0% used [0x00000007e9b50000, 0x00000007e9b501e8, 0x00000007e9be0000)
  to   space 576K,   0% used [0x00000007e9ac0000, 0x00000007e9ac0000, 0x00000007e9b50000)
 tenured generation   total 11904K, used 10685K [0x00000007ef350000, 0x00000007efef0000, 0x00000007fae00000)
   the space 11904K,  89% used [0x00000007ef350000, 0x00000007efdbf650, 0x00000007efdbf800, 0x00000007efef0000)
 compacting perm gen  total 21248K, used 14408K [0x00000007fae00000, 0x00000007fc2c0000, 0x0000000800000000)
   the space 21248K,  67% used [0x00000007fae00000, 0x00000007fbc122b8, 0x00000007fbc12400, 0x00000007fc2c0000)
No shared spaces configured.
Event: 1652.711 GC heap after
Heap after GC invocations=21 (full 0):
 def new generation   total 5440K, used 472K [0x00000007e9600000, 0x00000007e9be0000, 0x00000007ef350000)
  eden space 4864K,   0% used [0x00000007e9600000, 0x00000007e9600000, 0x00000007e9ac0000)
  from space 576K,  82% used [0x00000007e9ac0000, 0x00000007e9b36168, 0x00000007e9b50000)
  to   space 576K,   0% used [0x00000007e9b50000, 0x00000007e9b50000, 0x00000007e9be0000)
 tenured generation   total 11904K, used 10685K [0x00000007ef350000, 0x00000007efef0000, 0x00000007fae00000)
   the space 11904K,  89% used [0x00000007ef350000, 0x00000007efdbf650, 0x00000007efdbf800, 0x00000007efef0000)
 compacting perm gen  total 21248K, used 14408K [0x00000007fae00000, 0x00000007fc2c0000, 0x0000000800000000)
   the space 21248K,  67% used [0x00000007fae00000, 0x00000007fbc122b8, 0x00000007fbc12400, 0x00000007fc2c0000)
No shared spaces configured.
}
Event: 1652.817 GC heap before
{Heap before GC invocations=21 (full 0):
 def new generation   total 5440K, used 5336K [0x00000007e9600000, 0x00000007e9be0000, 0x00000007ef350000)
  eden space 4864K, 100% used [0x00000007e9600000, 0x00000007e9ac0000, 0x00000007e9ac0000)
  from space 576K,  82% used [0x00000007e9ac0000, 0x00000007e9b36168, 0x00000007e9b50000)
  to   space 576K,   0% used [0x00000007e9b50000, 0x00000007e9b50000, 0x00000007e9be0000)
 tenured generation   total 11904K, used 10685K [0x00000007ef350000, 0x00000007efef0000, 0x00000007fae00000)
   the space 11904K,  89% used [0x00000007ef350000, 0x00000007efdbf650, 0x00000007efdbf800, 0x00000007efef0000)
 compacting perm gen  total 21248K, used 14623K [0x00000007fae00000, 0x00000007fc2c0000, 0x0000000800000000)
   the space 21248K,  68% used [0x00000007fae00000, 0x00000007fbc47fc8, 0x00000007fbc48000, 0x00000007fc2c0000)
No shared spaces configured.
Event: 1652.819 GC heap after
Heap after GC invocations=22 (full 0):
 def new generation   total 5440K, used 143K [0x00000007e9600000, 0x00000007e9be0000, 0x00000007ef350000)
  eden space 4864K,   0% used [0x00000007e9600000, 0x00000007e9600000, 0x00000007e9ac0000)
  from space 576K,  24% used [0x00000007e9b50000, 0x00000007e9b73c30, 0x00000007e9be0000)
  to   space 576K,   0% used [0x00000007e9ac0000, 0x00000007e9ac0000, 0x00000007e9b50000)
 tenured generation   total 11904K, used 10685K [0x00000007ef350000, 0x00000007efef0000, 0x00000007fae00000)
   the space 11904K,  89% used [0x00000007ef350000, 0x00000007efdbf690, 0x00000007efdbf800, 0x00000007efef0000)
 compacting perm gen  total 21248K, used 14623K [0x00000007fae00000, 0x00000007fc2c0000, 0x0000000800000000)
   the space 21248K,  68% used [0x00000007fae00000, 0x00000007fbc47fc8, 0x00000007fbc48000, 0x00000007fc2c0000)
No shared spaces configured.
}
Event: 1652.941 GC heap before
{Heap before GC invocations=22 (full 0):
 def new generation   total 5440K, used 5007K [0x00000007e9600000, 0x00000007e9be0000, 0x00000007ef350000)
  eden space 4864K, 100% used [0x00000007e9600000, 0x00000007e9ac0000, 0x00000007e9ac0000)
  from space 576K,  24% used [0x00000007e9b50000, 0x00000007e9b73c30, 0x00000007e9be0000)
  to   space 576K,   0% used [0x00000007e9ac0000, 0x00000007e9ac0000, 0x00000007e9b50000)
 tenured generation   total 11904K, used 10685K [0x00000007ef350000, 0x00000007efef0000, 0x00000007fae00000)
   the space 11904K,  89% used [0x00000007ef350000, 0x00000007efdbf690, 0x00000007efdbf800, 0x00000007efef0000)
 compacting perm gen  total 21248K, used 14688K [0x00000007fae00000, 0x00000007fc2c0000, 0x0000000800000000)
   the space 21248K,  69% used [0x00000007fae00000, 0x00000007fbc583c0, 0x00000007fbc58400, 0x00000007fc2c0000)
No shared spaces configured.
Event: 1652.944 GC heap after
Heap after GC invocations=23 (full 0):
 def new generation   total 5440K, used 346K [0x00000007e9600000, 0x00000007e9be0000, 0x00000007ef350000)
  eden space 4864K,   0% used [0x00000007e9600000, 0x00000007e9600000, 0x00000007e9ac0000)
  from space 576K,  60% used [0x00000007e9ac0000, 0x00000007e9b16ac8, 0x00000007e9b50000)
  to   space 576K,   0% used [0x00000007e9b50000, 0x00000007e9b50000, 0x00000007e9be0000)
 tenured generation   total 11904K, used 10685K [0x00000007ef350000, 0x00000007efef0000, 0x00000007fae00000)
   the space 11904K,  89% used [0x00000007ef350000, 0x00000007efdbf690, 0x00000007efdbf800, 0x00000007efef0000)
 compacting perm gen  total 21248K, used 14688K [0x00000007fae00000, 0x00000007fc2c0000, 0x0000000800000000)
   the space 21248K,  69% used [0x00000007fae00000, 0x00000007fbc583c0, 0x00000007fbc58400, 0x00000007fc2c0000)
No shared spaces configured.
}
Event: 1653.059 GC heap before
{Heap before GC invocations=23 (full 0):
 def new generation   total 5440K, used 5210K [0x00000007e9600000, 0x00000007e9be0000, 0x00000007ef350000)
  eden space 4864K, 100% used [0x00000007e9600000, 0x00000007e9ac0000, 0x00000007e9ac0000)
  from space 576K,  60% used [0x00000007e9ac0000, 0x00000007e9b16ac8, 0x00000007e9b50000)
  to   space 576K,   0% used [0x00000007e9b50000, 0x00000007e9b50000, 0x00000007e9be0000)
 tenured generation   total 11904K, used 10685K [0x00000007ef350000, 0x00000007efef0000, 0x00000007fae00000)
   the space 11904K,  89% used [0x00000007ef350000, 0x00000007efdbf690, 0x00000007efdbf800, 0x00000007efef0000)
 compacting perm gen  total 21248K, used 14713K [0x00000007fae00000, 0x00000007fc2c0000, 0x0000000800000000)
   the space 21248K,  69% used [0x00000007fae00000, 0x00000007fbc5e478, 0x00000007fbc5e600, 0x00000007fc2c0000)
No shared spaces configured.
Event: 1653.063 GC heap after
Heap after GC invocations=24 (full 0):
 def new generation   total 5440K, used 440K [0x00000007e9600000, 0x00000007e9be0000, 0x00000007ef350000)
  eden space 4864K,   0% used [0x00000007e9600000, 0x00000007e9600000, 0x00000007e9ac0000)
  from space 576K,  76% used [0x00000007e9b50000, 0x00000007e9bbe070, 0x00000007e9be0000)
  to   space 576K,   0% used [0x00000007e9ac0000, 0x00000007e9ac0000, 0x00000007e9b50000)
 tenured generation   total 11904K, used 10784K [0x00000007ef350000, 0x00000007efef0000, 0x00000007fae00000)
   the space 11904K,  90% used [0x00000007ef350000, 0x00000007efdd8130, 0x00000007efdd8200, 0x00000007efef0000)
 compacting perm gen  total 21248K, used 14713K [0x00000007fae00000, 0x00000007fc2c0000, 0x0000000800000000)
   the space 21248K,  69% used [0x00000007fae00000, 0x00000007fbc5e478, 0x00000007fbc5e600, 0x00000007fc2c0000)
No shared spaces configured.
}

